<?xml version="1.0" encoding="UTF-8"?>
<!-- Generated by org.testng.reporters.JUnitReportReporter -->
<testsuite hostname="LTIN518543" failures="0" tests="1" name="TestCase.TC001_CarLoanTest" time="4.659" errors="0" timestamp="2024-10-22T16:56:33 IST" skipped="0">
  <testcase classname="TestCase.TC001_CarLoanTest" name="carLoan" time="4.659"/>
</testsuite> <!-- TestCase.TC001_CarLoanTest -->
