<?xml version="1.0" encoding="UTF-8"?>
<!-- Generated by org.testng.reporters.JUnitReportReporter -->
<testsuite hostname="LTIN514785" failures="0" tests="2" name="TestCase.TS002_HomeLoanTest" time="26.051" errors="0" timestamp="2024-11-06T10:14:13 IST" skipped="0">
  <testcase classname="TestCase.TS002_HomeLoanTest" name="homeloan" time="13.521"/>
  <testcase classname="TestCase.TS002_HomeLoanTest" name="homeloan" time="12.530"/>
</testsuite> <!-- TestCase.TS002_HomeLoanTest -->
