<?xml version="1.0" encoding="UTF-8"?>
<!-- Generated by org.testng.reporters.JUnitReportReporter -->
<testsuite hostname="LTIN514785" failures="0" tests="14" name="TestCase.TS003_UiValidation" time="18.431" errors="0" timestamp="2024-11-06T10:14:13 IST" skipped="0">
  <testcase classname="TestCase.TS003_UiValidation" name="calcLoan" time="1.393"/>
  <testcase classname="TestCase.TS003_UiValidation" name="calcLoan" time="1.589"/>
  <testcase classname="TestCase.TS003_UiValidation" name="emiBtn" time="0.226"/>
  <testcase classname="TestCase.TS003_UiValidation" name="emiBtn" time="0.159"/>
  <testcase classname="TestCase.TS003_UiValidation" name="rInterest" time="0.641"/>
  <testcase classname="TestCase.TS003_UiValidation" name="rInterest" time="0.699"/>
  <testcase classname="TestCase.TS003_UiValidation" name="yearLoanTenure" time="0.921"/>
  <testcase classname="TestCase.TS003_UiValidation" name="yearLoanTenure" time="0.920"/>
  <testcase classname="TestCase.TS003_UiValidation" name="monthLoanTenure" time="0.989"/>
  <testcase classname="TestCase.TS003_UiValidation" name="monthLoanTenure" time="1.003"/>
  <testcase classname="TestCase.TS003_UiValidation" name="amountLoan" time="2.900"/>
  <testcase classname="TestCase.TS003_UiValidation" name="amountLoan" time="2.988"/>
  <testcase classname="TestCase.TS003_UiValidation" name="tenureLoan" time="1.969"/>
  <testcase classname="TestCase.TS003_UiValidation" name="tenureLoan" time="2.034"/>
</testsuite> <!-- TestCase.TS003_UiValidation -->
