<?xml version="1.0" encoding="UTF-8"?>
<!-- Generated by org.testng.reporters.JUnitReportReporter -->
<testsuite hostname="LTIN514785" failures="0" tests="2" name="TestCase.TS001_CarLoanTest" time="10.687" errors="0" timestamp="2024-11-06T10:14:13 IST" skipped="0">
  <testcase classname="TestCase.TS001_CarLoanTest" name="carLoan" time="4.931"/>
  <testcase classname="TestCase.TS001_CarLoanTest" name="carLoan" time="5.756"/>
</testsuite> <!-- TestCase.TS001_CarLoanTest -->
